#
# There is insufficient memory for the Java Runtime Environment to continue.
# Native memory allocation (malloc) failed to allocate 978896 bytes for Chunk::new
# Possible reasons:
#   The system is out of physical RAM or swap space
#   The process is running with CompressedOops enabled, and the Java Heap may be blocking the growth of the native heap
# Possible solutions:
#   Reduce memory load on the system
#   Increase physical memory or swap space
#   Check if swap backing store is full
#   Decrease Java heap size (-Xmx/-Xms)
#   Decrease number of Java threads
#   Decrease Java thread stack sizes (-Xss)
#   Set larger code cache with -XX:ReservedCodeCacheSize=
#   JVM is running with Unscaled Compressed Oops mode in which the Java heap is
#     placed in the first 4GB address space. The Java Heap base address is the
#     maximum limit for the native heap growth. Please use -XX:HeapBaseMinAddress
#     to set the Java Heap base and to place the Java Heap above 4GB virtual address.
# This output file may be truncated or incomplete.
#
#  Out of Memory Error (./src/hotspot/share/memory/arena.cpp:197), pid=1808, tid=11028
#
# JRE version: OpenJDK Runtime Environment (11.0.10) (build 11.0.10+0-b96-7249189)
# Java VM: OpenJDK 64-Bit Server VM (11.0.10+0-b96-7249189, mixed mode, tiered, compressed oops, g1 gc, windows-amd64)
# No core dump will be written. Minidumps are not enabled by default on client versions of Windows
#

---------------  S U M M A R Y ------------

Command Line: --add-opens=java.base/java.util=ALL-UNNAMED --add-opens=java.base/java.lang=ALL-UNNAMED --add-opens=java.base/java.lang.invoke=ALL-UNNAMED --add-opens=java.base/java.util=ALL-UNNAMED --add-opens=java.prefs/java.util.prefs=ALL-UNNAMED --add-opens=java.prefs/java.util.prefs=ALL-UNNAMED --add-opens=java.base/java.nio.charset=ALL-UNNAMED --add-opens=java.base/java.net=ALL-UNNAMED --add-opens=java.base/java.util.concurrent.atomic=ALL-UNNAMED -Xmx2048m -Dfile.encoding=UTF-8 -Duser.country=RU -Duser.language=ru -Duser.variant org.gradle.launcher.daemon.bootstrap.GradleDaemon 7.0.2

Host: Intel(R) Core(TM) i5-4210U CPU @ 1.70GHz, 4 cores, 7G,  Windows 10 , 64 bit Build 19041 (10.0.19041.1348)
Time: Sun May 29 11:54:19 2022 RTZ 3 (зима) elapsed time: 45.315084 seconds (0d 0h 0m 45s)

---------------  T H R E A D  ---------------

Current thread (0x00000168bdb48800):  JavaThread "C2 CompilerThread1" daemon [_thread_in_native, id=11028, stack(0x0000000cb4100000,0x0000000cb4200000)]


Current CompileTask:
C2:  45315 15142   !   4       java.io.ObjectOutputStream::writeObject0 (619 bytes)

Stack: [0x0000000cb4100000,0x0000000cb4200000]
Native frames: (J=compiled Java code, j=interpreted, Vv=VM code, C=native code)
V  [jvm.dll+0x5ecfaa]
V  [jvm.dll+0x722bd5]
V  [jvm.dll+0x72412d]
V  [jvm.dll+0x7247e3]
V  [jvm.dll+0x242928]
V  [jvm.dll+0xbc4fc]
V  [jvm.dll+0xbca0c]
V  [jvm.dll+0x2b4fd4]
V  [jvm.dll+0x506028]
V  [jvm.dll+0x1fccf6]
V  [jvm.dll+0x1fa77f]
V  [jvm.dll+0x18354c]
V  [jvm.dll+0x208ee7]
V  [jvm.dll+0x207731]
V  [jvm.dll+0x6eb1cf]
V  [jvm.dll+0x6e3d45]
V  [jvm.dll+0x5ebe96]
C  [ucrtbase.dll+0x21bb2]
C  [KERNEL32.DLL+0x17034]
C  [ntdll.dll+0x52651]


---------------  P R O C E S S  ---------------

Threads class SMR info:
_java_thread_list=0x00000168c2995d30, length=56, elements={
0x000001689bb7c800, 0x00000168b5edd800, 0x00000168b5ee1000, 0x00000168b5efb800,
0x00000168b5efd800, 0x00000168b5efe800, 0x00000168b5f00800, 0x00000168b5f27800,
0x00000168b5f2e000, 0x00000168b69e2000, 0x00000168b83b6000, 0x00000168b6bf5000,
0x00000168b9276000, 0x00000168b8b92800, 0x00000168b9baa800, 0x00000168b89a1800,
0x00000168b7f68800, 0x00000168b7f6b800, 0x00000168b7e1b000, 0x00000168b83d2000,
0x00000168b83d4000, 0x00000168b83d3000, 0x00000168b83d4800, 0x00000168b83cf000,
0x00000168b83d5800, 0x00000168b83cf800, 0x00000168b83d0800, 0x00000168b83d1800,
0x00000168bb750800, 0x00000168bb757000, 0x00000168bb752000, 0x00000168bb753000,
0x00000168bb751000, 0x00000168bb757800, 0x00000168bb75a000, 0x00000168bb758800,
0x00000168bb759800, 0x00000168bb754800, 0x00000168bb75f000, 0x00000168bb75b800,
0x00000168bb75b000, 0x00000168bb75c800, 0x00000168bb75e000, 0x00000168ba865000,
0x00000168ba865800, 0x00000168ba861800, 0x00000168ba864000, 0x00000168ba860000,
0x00000168ba866800, 0x00000168ba863800, 0x00000168ba868000, 0x00000168ba862800,
0x00000168ba86b800, 0x00000168ba869000, 0x00000168ba86a000, 0x00000168bdb48800
}

Java Threads: ( => current thread )
  0x000001689bb7c800 JavaThread "main" [_thread_blocked, id=9356, stack(0x0000000cb1a00000,0x0000000cb1b00000)]
  0x00000168b5edd800 JavaThread "Reference Handler" daemon [_thread_blocked, id=1500, stack(0x0000000cb2100000,0x0000000cb2200000)]
  0x00000168b5ee1000 JavaThread "Finalizer" daemon [_thread_blocked, id=13580, stack(0x0000000cb2200000,0x0000000cb2300000)]
  0x00000168b5efb800 JavaThread "Signal Dispatcher" daemon [_thread_blocked, id=14508, stack(0x0000000cb2300000,0x0000000cb2400000)]
  0x00000168b5efd800 JavaThread "Attach Listener" daemon [_thread_blocked, id=10576, stack(0x0000000cb2400000,0x0000000cb2500000)]
  0x00000168b5efe800 JavaThread "Service Thread" daemon [_thread_blocked, id=3124, stack(0x0000000cb2500000,0x0000000cb2600000)]
  0x00000168b5f00800 JavaThread "C2 CompilerThread0" daemon [_thread_blocked, id=8476, stack(0x0000000cb2600000,0x0000000cb2700000)]
  0x00000168b5f27800 JavaThread "C1 CompilerThread0" daemon [_thread_blocked, id=4320, stack(0x0000000cb2700000,0x0000000cb2800000)]
  0x00000168b5f2e000 JavaThread "Sweeper thread" daemon [_thread_blocked, id=6284, stack(0x0000000cb2800000,0x0000000cb2900000)]
  0x00000168b69e2000 JavaThread "Common-Cleaner" daemon [_thread_blocked, id=16224, stack(0x0000000cb2900000,0x0000000cb2a00000)]
  0x00000168b83b6000 JavaThread "Daemon health stats" [_thread_blocked, id=12668, stack(0x0000000cb2e00000,0x0000000cb2f00000)]
  0x00000168b6bf5000 JavaThread "Incoming local TCP Connector on port 54675" [_thread_in_native, id=12688, stack(0x0000000cb2b00000,0x0000000cb2c00000)]
  0x00000168b9276000 JavaThread "Daemon periodic checks" [_thread_blocked, id=5872, stack(0x0000000cb2f00000,0x0000000cb3000000)]
  0x00000168b8b92800 JavaThread "Daemon" [_thread_blocked, id=8412, stack(0x0000000cb3000000,0x0000000cb3100000)]
  0x00000168b9baa800 JavaThread "Handler for socket connection from /127.0.0.1:54675 to /127.0.0.1:54676" [_thread_in_native, id=14440, stack(0x0000000cb3100000,0x0000000cb3200000)]
  0x00000168b89a1800 JavaThread "Cancel handler" [_thread_blocked, id=1524, stack(0x0000000cb3200000,0x0000000cb3300000)]
  0x00000168b7f68800 JavaThread "Daemon worker" [_thread_blocked, id=6340, stack(0x0000000cb3300000,0x0000000cb3400000)]
  0x00000168b7f6b800 JavaThread "Asynchronous log dispatcher for DefaultDaemonConnection: socket connection from /127.0.0.1:54675 to /127.0.0.1:54676" [_thread_blocked, id=8948, stack(0x0000000cb3400000,0x0000000cb3500000)]
  0x00000168b7e1b000 JavaThread "Stdin handler" [_thread_blocked, id=8248, stack(0x0000000cb3500000,0x0000000cb3600000)]
  0x00000168b83d2000 JavaThread "Daemon client event forwarder" [_thread_blocked, id=8144, stack(0x0000000cb3600000,0x0000000cb3700000)]
  0x00000168b83d4000 JavaThread "Cache worker for file hash cache (C:\Users\Senya\.gradle\caches\7.0.2\fileHashes)" [_thread_blocked, id=15244, stack(0x0000000cb3700000,0x0000000cb3800000)]
  0x00000168b83d3000 JavaThread "File lock request listener" [_thread_in_native, id=6172, stack(0x0000000cb3800000,0x0000000cb3900000)]
  0x00000168b83d4800 JavaThread "Cache worker for journal cache (C:\Users\Senya\.gradle\caches\journal-1)" [_thread_blocked, id=12724, stack(0x0000000cb3a00000,0x0000000cb3b00000)]
  0x00000168b83cf000 JavaThread "Cache worker for file hash cache (C:\Users\Senya\AndroidStudioProjects\Chesser\.gradle\7.0.2\fileHashes)" [_thread_blocked, id=10316, stack(0x0000000cb3c00000,0x0000000cb3d00000)]
  0x00000168b83d5800 JavaThread "File watcher server" daemon [_thread_in_native, id=8724, stack(0x0000000cb3d00000,0x0000000cb3e00000)]
  0x00000168b83cf800 JavaThread "File watcher consumer" daemon [_thread_blocked, id=11476, stack(0x0000000cb3e00000,0x0000000cb3f00000)]
  0x00000168b83d0800 JavaThread "Cache worker for checksums cache (C:\Users\Senya\AndroidStudioProjects\Chesser\.gradle\checksums)" [_thread_blocked, id=9472, stack(0x0000000cb3b00000,0x0000000cb3c00000)]
  0x00000168b83d1800 JavaThread "Cache worker for cache directory md-supplier (C:\Users\Senya\.gradle\caches\7.0.2\md-supplier)" [_thread_blocked, id=13372, stack(0x0000000cb3f00000,0x0000000cb4000000)]
  0x00000168bb750800 JavaThread "Cache worker for cache directory md-rule (C:\Users\Senya\.gradle\caches\7.0.2\md-rule)" [_thread_blocked, id=11960, stack(0x0000000cb4000000,0x0000000cb4100000)]
  0x00000168bb757000 JavaThread "Cache worker for execution history cache (C:\Users\Senya\.gradle\caches\7.0.2\executionHistory)" [_thread_blocked, id=16332, stack(0x0000000cb4200000,0x0000000cb4300000)]
  0x00000168bb752000 JavaThread "jar transforms" [_thread_blocked, id=4140, stack(0x0000000cb4300000,0x0000000cb4400000)]
  0x00000168bb753000 JavaThread "jar transforms Thread 2" [_thread_blocked, id=12296, stack(0x0000000cb4400000,0x0000000cb4500000)]
  0x00000168bb751000 JavaThread "Cache worker for file content cache (C:\Users\Senya\.gradle\caches\7.0.2\fileContent)" [_thread_blocked, id=5764, stack(0x0000000cb4500000,0x0000000cb4600000)]
  0x00000168bb757800 JavaThread "Cache worker for dependencies-accessors (C:\Users\Senya\AndroidStudioProjects\Chesser\.gradle\7.0.2\dependencies-accessors)" [_thread_blocked, id=12948, stack(0x0000000cb4600000,0x0000000cb4700000)]
  0x00000168bb75a000 JavaThread "jar transforms Thread 3" [_thread_blocked, id=5524, stack(0x0000000cb4700000,0x0000000cb4800000)]
  0x00000168bb758800 JavaThread "Cache worker for Build Output Cleanup Cache (C:\Users\Senya\AndroidStudioProjects\Chesser\.gradle\buildOutputCleanup)" [_thread_blocked, id=11172, stack(0x0000000cb4800000,0x0000000cb4900000)]
  0x00000168bb759800 JavaThread "Build operations" [_thread_blocked, id=16352, stack(0x0000000cb4900000,0x0000000cb4a00000)]
  0x00000168bb754800 JavaThread "Build operations Thread 2" [_thread_blocked, id=10840, stack(0x0000000cb4a00000,0x0000000cb4b00000)]
  0x00000168bb75f000 JavaThread "Build operations Thread 3" [_thread_blocked, id=11788, stack(0x0000000cb4b00000,0x0000000cb4c00000)]
  0x00000168bb75b800 JavaThread "Build operations Thread 4" [_thread_blocked, id=9940, stack(0x0000000cb4c00000,0x0000000cb4d00000)]
  0x00000168bb75b000 JavaThread "jar transforms Thread 4" [_thread_blocked, id=7748, stack(0x0000000cb4d00000,0x0000000cb4e00000)]
  0x00000168bb75c800 JavaThread "Memory manager" [_thread_blocked, id=15728, stack(0x0000000cb4e00000,0x0000000cb4f00000)]
  0x00000168bb75e000 JavaThread "build event listener" [_thread_blocked, id=2284, stack(0x0000000cb4f00000,0x0000000cb5000000)]
  0x00000168ba865000 JavaThread "pool-3-thread-1" [_thread_blocked, id=14592, stack(0x0000000cb5000000,0x0000000cb5100000)]
  0x00000168ba865800 JavaThread "build event listener" [_thread_blocked, id=12792, stack(0x0000000cb5100000,0x0000000cb5200000)]
  0x00000168ba861800 JavaThread "Execution worker for ':'" [_thread_blocked, id=14836, stack(0x0000000cb5200000,0x0000000cb5300000)]
  0x00000168ba864000 JavaThread "Execution worker for ':' Thread 2" [_thread_blocked, id=16240, stack(0x0000000cb5300000,0x0000000cb5400000)]
  0x00000168ba860000 JavaThread "Execution worker for ':' Thread 3" [_thread_in_Java, id=3160, stack(0x0000000cb5400000,0x0000000cb5500000)]
  0x00000168ba866800 JavaThread "Cache worker for execution history cache (C:\Users\Senya\AndroidStudioProjects\Chesser\.gradle\7.0.2\executionHistory)" [_thread_blocked, id=14688, stack(0x0000000cb5500000,0x0000000cb5600000)]
  0x00000168ba863800 JavaThread "Cache worker for Java compile cache (C:\Users\Senya\.gradle\caches\7.0.2\javaCompile)" [_thread_blocked, id=15708, stack(0x0000000cb5600000,0x0000000cb5700000)]
  0x00000168ba868000 JavaThread "Cache worker for Java compile cache (C:\Users\Senya\AndroidStudioProjects\Chesser\.gradle\7.0.2\javaCompile)" [_thread_blocked, id=9480, stack(0x0000000cb5700000,0x0000000cb5800000)]
  0x00000168ba862800 JavaThread "WorkerExecutor Queue" [_thread_blocked, id=2012, stack(0x0000000cb5a00000,0x0000000cb5b00000)]
  0x00000168ba86b800 JavaThread "WorkerExecutor Queue Thread 2" [_thread_blocked, id=7380, stack(0x0000000cb5b00000,0x0000000cb5c00000)]
  0x00000168ba869000 JavaThread "WorkerExecutor Queue Thread 3" [_thread_blocked, id=4940, stack(0x0000000cb5c00000,0x0000000cb5d00000)]
  0x00000168ba86a000 JavaThread "WorkerExecutor Queue Thread 4" [_thread_blocked, id=10312, stack(0x0000000cb5d00000,0x0000000cb5e00000)]
=>0x00000168bdb48800 JavaThread "C2 CompilerThread1" daemon [_thread_in_native, id=11028, stack(0x0000000cb4100000,0x0000000cb4200000)]

Other Threads:
  0x00000168b5ed6800 VMThread "VM Thread" [stack: 0x0000000cb2000000,0x0000000cb2100000] [id=16164]
  0x00000168b69f6000 WatcherThread [stack: 0x0000000cb2a00000,0x0000000cb2b00000] [id=6948]
  0x000001689bb94000 GCTaskThread "GC Thread#0" [stack: 0x0000000cb1b00000,0x0000000cb1c00000] [id=13048]
  0x00000168b6f1d000 GCTaskThread "GC Thread#1" [stack: 0x0000000cb2c00000,0x0000000cb2d00000] [id=6988]
  0x00000168b74bc000 GCTaskThread "GC Thread#2" [stack: 0x0000000cb2d00000,0x0000000cb2e00000] [id=10332]
  0x00000168b766d800 GCTaskThread "GC Thread#3" [stack: 0x0000000cb3900000,0x0000000cb3a00000] [id=15780]
  0x000001689bbc8000 ConcurrentGCThread "G1 Main Marker" [stack: 0x0000000cb1c00000,0x0000000cb1d00000] [id=16000]
  0x000001689bbc9000 ConcurrentGCThread "G1 Conc#0" [stack: 0x0000000cb1d00000,0x0000000cb1e00000] [id=13980]
  0x000001689bc53800 ConcurrentGCThread "G1 Refine#0" [stack: 0x0000000cb1e00000,0x0000000cb1f00000] [id=7368]
  0x000001689bc54800 ConcurrentGCThread "G1 Young RemSet Sampling" [stack: 0x0000000cb1f00000,0x0000000cb2000000] [id=8876]

Threads with active compile tasks:
C2 CompilerThread1  45384 15142   !   4       java.io.ObjectOutputStream::writeObject0 (619 bytes)

VM state:not at safepoint (normal execution)

VM Mutex/Monitor currently owned by a thread: None

Heap address: 0x0000000080000000, size: 2048 MB, Compressed Oops mode: 32-bit
Narrow klass base: 0x0000000000000000, Narrow klass shift: 3
Compressed class space size: 1073741824 Address: 0x0000000100000000

Heap:
 garbage-first heap   total 189440K, used 123868K [0x0000000080000000, 0x0000000100000000)
  region size 1024K, 36 young (36864K), 2 survivors (2048K)
 Metaspace       used 106416K, capacity 109263K, committed 109344K, reserved 1144832K
  class space    used 13726K, capacity 14826K, committed 14880K, reserved 1048576K
Heap Regions: E=young(eden), S=young(survivor), O=old, HS=humongous(starts), HC=humongous(continues), CS=collection set, F=free, A=archive, TAMS=top-at-mark-start (previous, next)
|   0|0x0000000080000000, 0x0000000080100000, 0x0000000080100000|100%| O|  |TAMS 0x0000000080100000, 0x0000000080000000| Untracked 
|   1|0x0000000080100000, 0x0000000080200000, 0x0000000080200000|100%| O|  |TAMS 0x0000000080200000, 0x0000000080100000| Untracked 
|   2|0x0000000080200000, 0x0000000080300000, 0x0000000080300000|100%| O|  |TAMS 0x0000000080300000, 0x0000000080200000| Untracked 
|   3|0x0000000080300000, 0x0000000080400000, 0x0000000080400000|100%|HS|  |TAMS 0x0000000080400000, 0x0000000080300000| Complete 
|   4|0x0000000080400000, 0x0000000080500000, 0x0000000080500000|100%|HC|  |TAMS 0x0000000080500000, 0x0000000080400000| Complete 
|   5|0x0000000080500000, 0x0000000080600000, 0x0000000080600000|100%|HC|  |TAMS 0x0000000080600000, 0x0000000080500000| Complete 
|   6|0x0000000080600000, 0x0000000080700000, 0x0000000080700000|100%| O|  |TAMS 0x0000000080700000, 0x0000000080600000| Untracked 
|   7|0x0000000080700000, 0x0000000080800000, 0x0000000080800000|100%| O|  |TAMS 0x0000000080800000, 0x0000000080700000| Untracked 
|   8|0x0000000080800000, 0x0000000080900000, 0x0000000080900000|100%| O|  |TAMS 0x0000000080900000, 0x0000000080800000| Untracked 
|   9|0x0000000080900000, 0x0000000080a00000, 0x0000000080a00000|100%| O|  |TAMS 0x0000000080a00000, 0x0000000080900000| Untracked 
|  10|0x0000000080a00000, 0x0000000080b00000, 0x0000000080b00000|100%| O|  |TAMS 0x0000000080b00000, 0x0000000080a00000| Untracked 
|  11|0x0000000080b00000, 0x0000000080c00000, 0x0000000080c00000|100%| O|  |TAMS 0x0000000080c00000, 0x0000000080b00000| Untracked 
|  12|0x0000000080c00000, 0x0000000080d00000, 0x0000000080d00000|100%| O|  |TAMS 0x0000000080d00000, 0x0000000080c00000| Untracked 
|  13|0x0000000080d00000, 0x0000000080e00000, 0x0000000080e00000|100%| O|  |TAMS 0x0000000080e00000, 0x0000000080d00000| Untracked 
|  14|0x0000000080e00000, 0x0000000080f00000, 0x0000000080f00000|100%| O|  |TAMS 0x0000000080f00000, 0x0000000080e00000| Untracked 
|  15|0x0000000080f00000, 0x0000000081000000, 0x0000000081000000|100%| O|  |TAMS 0x0000000081000000, 0x0000000080f00000| Untracked 
|  16|0x0000000081000000, 0x0000000081100000, 0x0000000081100000|100%| O|  |TAMS 0x0000000081100000, 0x0000000081000000| Untracked 
|  17|0x0000000081100000, 0x0000000081200000, 0x0000000081200000|100%|HS|  |TAMS 0x0000000081200000, 0x0000000081100000| Complete 
|  18|0x0000000081200000, 0x0000000081300000, 0x0000000081300000|100%| O|  |TAMS 0x0000000081300000, 0x0000000081200000| Untracked 
|  19|0x0000000081300000, 0x0000000081400000, 0x0000000081400000|100%| O|  |TAMS 0x0000000081400000, 0x0000000081300000| Untracked 
|  20|0x0000000081400000, 0x0000000081500000, 0x0000000081500000|100%| O|  |TAMS 0x0000000081500000, 0x0000000081400000| Untracked 
|  21|0x0000000081500000, 0x0000000081600000, 0x0000000081600000|100%| O|  |TAMS 0x0000000081600000, 0x0000000081500000| Untracked 
|  22|0x0000000081600000, 0x0000000081700000, 0x0000000081700000|100%| O|  |TAMS 0x0000000081700000, 0x0000000081600000| Untracked 
|  23|0x0000000081700000, 0x0000000081800000, 0x0000000081800000|100%|HS|  |TAMS 0x0000000081800000, 0x0000000081700000| Complete 
|  24|0x0000000081800000, 0x0000000081900000, 0x0000000081900000|100%|HS|  |TAMS 0x0000000081900000, 0x0000000081800000| Complete 
|  25|0x0000000081900000, 0x0000000081a00000, 0x0000000081a00000|100%|HC|  |TAMS 0x0000000081a00000, 0x0000000081900000| Complete 
|  26|0x0000000081a00000, 0x0000000081b00000, 0x0000000081b00000|100%| O|  |TAMS 0x0000000081b00000, 0x0000000081a00000| Untracked 
|  27|0x0000000081b00000, 0x0000000081c00000, 0x0000000081c00000|100%| O|  |TAMS 0x0000000081c00000, 0x0000000081b00000| Untracked 
|  28|0x0000000081c00000, 0x0000000081d00000, 0x0000000081d00000|100%| O|  |TAMS 0x0000000081d00000, 0x0000000081c00000| Untracked 
|  29|0x0000000081d00000, 0x0000000081e00000, 0x0000000081e00000|100%| O|  |TAMS 0x0000000081e00000, 0x0000000081d00000| Untracked 
|  30|0x0000000081e00000, 0x0000000081f00000, 0x0000000081f00000|100%| O|  |TAMS 0x0000000081f00000, 0x0000000081e00000| Untracked 
|  31|0x0000000081f00000, 0x0000000082000000, 0x0000000082000000|100%| O|  |TAMS 0x0000000082000000, 0x0000000081f00000| Untracked 
|  32|0x0000000082000000, 0x0000000082100000, 0x0000000082100000|100%| O|  |TAMS 0x0000000082100000, 0x0000000082000000| Untracked 
|  33|0x0000000082100000, 0x0000000082200000, 0x0000000082200000|100%| O|  |TAMS 0x0000000082200000, 0x0000000082100000| Untracked 
|  34|0x0000000082200000, 0x0000000082300000, 0x0000000082300000|100%| O|  |TAMS 0x0000000082300000, 0x0000000082200000| Untracked 
|  35|0x0000000082300000, 0x0000000082400000, 0x0000000082400000|100%| O|  |TAMS 0x0000000082400000, 0x0000000082300000| Untracked 
|  36|0x0000000082400000, 0x0000000082500000, 0x0000000082500000|100%| O|  |TAMS 0x0000000082500000, 0x0000000082400000| Untracked 
|  37|0x0000000082500000, 0x0000000082600000, 0x0000000082600000|100%| O|  |TAMS 0x0000000082600000, 0x0000000082500000| Untracked 
|  38|0x0000000082600000, 0x0000000082700000, 0x0000000082700000|100%| O|  |TAMS 0x0000000082700000, 0x0000000082600000| Untracked 
|  39|0x0000000082700000, 0x0000000082800000, 0x0000000082800000|100%| O|  |TAMS 0x0000000082800000, 0x0000000082700000| Untracked 
|  40|0x0000000082800000, 0x0000000082900000, 0x0000000082900000|100%| O|  |TAMS 0x0000000082900000, 0x0000000082800000| Untracked 
|  41|0x0000000082900000, 0x0000000082a00000, 0x0000000082a00000|100%| O|  |TAMS 0x0000000082a00000, 0x0000000082900000| Untracked 
|  42|0x0000000082a00000, 0x0000000082b00000, 0x0000000082b00000|100%| O|  |TAMS 0x0000000082b00000, 0x0000000082a00000| Untracked 
|  43|0x0000000082b00000, 0x0000000082c00000, 0x0000000082c00000|100%| O|  |TAMS 0x0000000082c00000, 0x0000000082b00000| Untracked 
|  44|0x0000000082c00000, 0x0000000082d00000, 0x0000000082d00000|100%| O|  |TAMS 0x0000000082d00000, 0x0000000082c00000| Untracked 
|  45|0x0000000082d00000, 0x0000000082e00000, 0x0000000082e00000|100%| O|  |TAMS 0x0000000082e00000, 0x0000000082d00000| Untracked 
|  46|0x0000000082e00000, 0x0000000082f00000, 0x0000000082f00000|100%| O|  |TAMS 0x0000000082f00000, 0x0000000082e00000| Untracked 
|  47|0x0000000082f00000, 0x0000000083000000, 0x0000000083000000|100%| O|  |TAMS 0x0000000083000000, 0x0000000082f00000| Untracked 
|  48|0x0000000083000000, 0x0000000083100000, 0x0000000083100000|100%| O|  |TAMS 0x0000000083100000, 0x0000000083000000| Untracked 
|  49|0x0000000083100000, 0x0000000083200000, 0x0000000083200000|100%| O|  |TAMS 0x0000000083200000, 0x0000000083100000| Untracked 
|  50|0x0000000083200000, 0x0000000083300000, 0x0000000083300000|100%| O|  |TAMS 0x0000000083300000, 0x0000000083200000| Untracked 
|  51|0x0000000083300000, 0x0000000083400000, 0x0000000083400000|100%| O|  |TAMS 0x0000000083400000, 0x0000000083300000| Untracked 
|  52|0x0000000083400000, 0x0000000083500000, 0x0000000083500000|100%| O|  |TAMS 0x0000000083500000, 0x0000000083400000| Untracked 
|  53|0x0000000083500000, 0x0000000083600000, 0x0000000083600000|100%| O|  |TAMS 0x0000000083600000, 0x0000000083500000| Untracked 
|  54|0x0000000083600000, 0x0000000083700000, 0x0000000083700000|100%| O|  |TAMS 0x0000000083700000, 0x0000000083600000| Untracked 
|  55|0x0000000083700000, 0x0000000083800000, 0x0000000083800000|100%| O|  |TAMS 0x0000000083800000, 0x0000000083700000| Untracked 
|  56|0x0000000083800000, 0x0000000083900000, 0x0000000083900000|100%| O|  |TAMS 0x0000000083900000, 0x0000000083800000| Untracked 
|  57|0x0000000083900000, 0x0000000083a00000, 0x0000000083a00000|100%| O|  |TAMS 0x0000000083a00000, 0x0000000083900000| Untracked 
|  58|0x0000000083a00000, 0x0000000083b00000, 0x0000000083b00000|100%| O|  |TAMS 0x0000000083b00000, 0x0000000083a00000| Untracked 
|  59|0x0000000083b00000, 0x0000000083c00000, 0x0000000083c00000|100%| O|  |TAMS 0x0000000083c00000, 0x0000000083b00000| Untracked 
|  60|0x0000000083c00000, 0x0000000083d00000, 0x0000000083d00000|100%| O|  |TAMS 0x0000000083d00000, 0x0000000083c00000| Untracked 
|  61|0x0000000083d00000, 0x0000000083e00000, 0x0000000083e00000|100%| O|  |TAMS 0x0000000083e00000, 0x0000000083d00000| Untracked 
|  62|0x0000000083e00000, 0x0000000083f00000, 0x0000000083f00000|100%| O|  |TAMS 0x0000000083f00000, 0x0000000083e00000| Untracked 
|  63|0x0000000083f00000, 0x0000000084000000, 0x0000000084000000|100%| O|  |TAMS 0x0000000084000000, 0x0000000083f00000| Untracked 
|  64|0x0000000084000000, 0x0000000084100000, 0x0000000084100000|100%| O|  |TAMS 0x0000000084100000, 0x0000000084000000| Untracked 
|  65|0x0000000084100000, 0x0000000084200000, 0x0000000084200000|100%| O|  |TAMS 0x0000000084200000, 0x0000000084100000| Untracked 
|  66|0x0000000084200000, 0x0000000084300000, 0x0000000084300000|100%| O|  |TAMS 0x0000000084300000, 0x0000000084200000| Untracked 
|  67|0x0000000084300000, 0x0000000084400000, 0x0000000084400000|100%| O|  |TAMS 0x0000000084400000, 0x0000000084300000| Untracked 
|  68|0x0000000084400000, 0x0000000084500000, 0x0000000084500000|100%|HS|  |TAMS 0x0000000084500000, 0x0000000084400000| Complete 
|  69|0x0000000084500000, 0x0000000084600000, 0x0000000084600000|100%|HC|  |TAMS 0x0000000084600000, 0x0000000084500000| Complete 
|  70|0x0000000084600000, 0x0000000084700000, 0x0000000084700000|100%| O|  |TAMS 0x0000000084700000, 0x0000000084600000| Untracked 
|  71|0x0000000084700000, 0x0000000084800000, 0x0000000084800000|100%| O|  |TAMS 0x0000000084800000, 0x0000000084700000| Untracked 
|  72|0x0000000084800000, 0x0000000084900000, 0x0000000084900000|100%| O|  |TAMS 0x0000000084900000, 0x0000000084800000| Untracked 
|  73|0x0000000084900000, 0x0000000084a00000, 0x0000000084a00000|100%| O|  |TAMS 0x0000000084a00000, 0x0000000084900000| Untracked 
|  74|0x0000000084a00000, 0x0000000084b00000, 0x0000000084b00000|100%| O|  |TAMS 0x0000000084b00000, 0x0000000084a00000| Untracked 
|  75|0x0000000084b00000, 0x0000000084c00000, 0x0000000084c00000|100%| O|  |TAMS 0x0000000084c00000, 0x0000000084b00000| Untracked 
|  76|0x0000000084c00000, 0x0000000084d00000, 0x0000000084d00000|100%| O|  |TAMS 0x0000000084d00000, 0x0000000084c00000| Untracked 
|  77|0x0000000084d00000, 0x0000000084e00000, 0x0000000084e00000|100%| O|  |TAMS 0x0000000084e00000, 0x0000000084d00000| Untracked 
|  78|0x0000000084e00000, 0x0000000084f00000, 0x0000000084f00000|100%| O|  |TAMS 0x0000000084f00000, 0x0000000084e00000| Untracked 
|  79|0x0000000084f00000, 0x0000000085000000, 0x0000000085000000|100%| O|  |TAMS 0x0000000085000000, 0x0000000084f00000| Untracked 
|  80|0x0000000085000000, 0x0000000085100000, 0x0000000085100000|100%| O|  |TAMS 0x0000000085100000, 0x0000000085000000| Untracked 
|  81|0x0000000085100000, 0x0000000085100000, 0x0000000085200000|  0%| F|  |TAMS 0x0000000085100000, 0x0000000085100000| Untracked 
|  82|0x0000000085200000, 0x0000000085200000, 0x0000000085300000|  0%| F|  |TAMS 0x0000000085200000, 0x0000000085200000| Untracked 
|  83|0x0000000085300000, 0x0000000085300000, 0x0000000085400000|  0%| F|  |TAMS 0x0000000085300000, 0x0000000085300000| Untracked 
|  84|0x0000000085400000, 0x0000000085500000, 0x0000000085500000|100%| O|  |TAMS 0x0000000085500000, 0x0000000085400000| Untracked 
|  85|0x0000000085500000, 0x0000000085600000, 0x0000000085600000|100%| O|  |TAMS 0x0000000085600000, 0x0000000085500000| Untracked 
|  86|0x0000000085600000, 0x0000000085700000, 0x0000000085700000|100%| O|  |TAMS 0x00000000856e7400, 0x0000000085600000| Untracked 
|  87|0x0000000085700000, 0x0000000085800000, 0x0000000085800000|100%| O|  |TAMS 0x0000000085700000, 0x0000000085700000| Untracked 
|  88|0x0000000085800000, 0x0000000085900000, 0x0000000085900000|100%| O|  |TAMS 0x0000000085800000, 0x0000000085800000| Untracked 
|  89|0x0000000085900000, 0x0000000085a00000, 0x0000000085a00000|100%| O|  |TAMS 0x0000000085900000, 0x0000000085900000| Untracked 
|  90|0x0000000085a00000, 0x0000000085ad9600, 0x0000000085b00000| 84%| O|  |TAMS 0x0000000085a00000, 0x0000000085a00000| Untracked 
|  91|0x0000000085b00000, 0x0000000085b00000, 0x0000000085c00000|  0%| F|  |TAMS 0x0000000085b00000, 0x0000000085b00000| Untracked 
|  92|0x0000000085c00000, 0x0000000085c00000, 0x0000000085d00000|  0%| F|  |TAMS 0x0000000085c00000, 0x0000000085c00000| Untracked 
|  93|0x0000000085d00000, 0x0000000085d00000, 0x0000000085e00000|  0%| F|  |TAMS 0x0000000085d00000, 0x0000000085d00000| Untracked 
|  94|0x0000000085e00000, 0x0000000085e00000, 0x0000000085f00000|  0%| F|  |TAMS 0x0000000085e00000, 0x0000000085e00000| Untracked 
|  95|0x0000000085f00000, 0x0000000085f00000, 0x0000000086000000|  0%| F|  |TAMS 0x0000000085f00000, 0x0000000085f00000| Untracked 
|  96|0x0000000086000000, 0x0000000086000000, 0x0000000086100000|  0%| F|  |TAMS 0x0000000086000000, 0x0000000086000000| Untracked 
|  97|0x0000000086100000, 0x0000000086100000, 0x0000000086200000|  0%| F|  |TAMS 0x0000000086100000, 0x0000000086100000| Untracked 
|  98|0x0000000086200000, 0x0000000086200000, 0x0000000086300000|  0%| F|  |TAMS 0x0000000086200000, 0x0000000086200000| Untracked 
|  99|0x0000000086300000, 0x0000000086300000, 0x0000000086400000|  0%| F|  |TAMS 0x0000000086300000, 0x0000000086300000| Untracked 
| 100|0x0000000086400000, 0x0000000086400000, 0x0000000086500000|  0%| F|  |TAMS 0x0000000086400000, 0x0000000086400000| Untracked 
| 101|0x0000000086500000, 0x0000000086500000, 0x0000000086600000|  0%| F|  |TAMS 0x0000000086500000, 0x0000000086500000| Untracked 
| 102|0x0000000086600000, 0x0000000086600000, 0x0000000086700000|  0%| F|  |TAMS 0x0000000086600000, 0x0000000086600000| Untracked 
| 103|0x0000000086700000, 0x0000000086700000, 0x0000000086800000|  0%| F|  |TAMS 0x0000000086700000, 0x0000000086700000| Untracked 
| 104|0x0000000086800000, 0x0000000086800000, 0x0000000086900000|  0%| F|  |TAMS 0x0000000086800000, 0x0000000086800000| Untracked 
| 105|0x0000000086900000, 0x0000000086900000, 0x0000000086a00000|  0%| F|  |TAMS 0x0000000086900000, 0x0000000086900000| Untracked 
| 106|0x0000000086a00000, 0x0000000086a00000, 0x0000000086b00000|  0%| F|  |TAMS 0x0000000086a00000, 0x0000000086a00000| Untracked 
| 107|0x0000000086b00000, 0x0000000086b00000, 0x0000000086c00000|  0%| F|  |TAMS 0x0000000086b00000, 0x0000000086b00000| Untracked 
| 108|0x0000000086c00000, 0x0000000086c00000, 0x0000000086d00000|  0%| F|  |TAMS 0x0000000086c00000, 0x0000000086c00000| Untracked 
| 109|0x0000000086d00000, 0x0000000086d00000, 0x0000000086e00000|  0%| F|  |TAMS 0x0000000086d00000, 0x0000000086d00000| Untracked 
| 110|0x0000000086e00000, 0x0000000086e00000, 0x0000000086f00000|  0%| F|  |TAMS 0x0000000086e00000, 0x0000000086e00000| Untracked 
| 111|0x0000000086f00000, 0x0000000086f00000, 0x0000000087000000|  0%| F|  |TAMS 0x0000000086f00000, 0x0000000086f00000| Untracked 
| 112|0x0000000087000000, 0x0000000087000000, 0x0000000087100000|  0%| F|  |TAMS 0x0000000087000000, 0x0000000087000000| Untracked 
| 113|0x0000000087100000, 0x0000000087100000, 0x0000000087200000|  0%| F|  |TAMS 0x0000000087100000, 0x0000000087100000| Untracked 
| 114|0x0000000087200000, 0x0000000087200000, 0x0000000087300000|  0%| F|  |TAMS 0x0000000087200000, 0x0000000087200000| Untracked 
| 115|0x0000000087300000, 0x0000000087300000, 0x0000000087400000|  0%| F|  |TAMS 0x0000000087300000, 0x0000000087300000| Untracked 
| 116|0x0000000087400000, 0x0000000087400000, 0x0000000087500000|  0%| F|  |TAMS 0x0000000087400000, 0x0000000087400000| Untracked 
| 117|0x0000000087500000, 0x0000000087500000, 0x0000000087600000|  0%| F|  |TAMS 0x0000000087500000, 0x0000000087500000| Untracked 
| 118|0x0000000087600000, 0x0000000087600000, 0x0000000087700000|  0%| F|  |TAMS 0x0000000087600000, 0x0000000087600000| Untracked 
| 119|0x0000000087700000, 0x0000000087700000, 0x0000000087800000|  0%| F|  |TAMS 0x0000000087700000, 0x0000000087700000| Untracked 
| 120|0x0000000087800000, 0x0000000087800000, 0x0000000087900000|  0%| F|  |TAMS 0x0000000087800000, 0x0000000087800000| Untracked 
| 121|0x0000000087900000, 0x0000000087900000, 0x0000000087a00000|  0%| F|  |TAMS 0x0000000087900000, 0x0000000087900000| Untracked 
| 122|0x0000000087a00000, 0x0000000087a00000, 0x0000000087b00000|  0%| F|  |TAMS 0x0000000087a00000, 0x0000000087a00000| Untracked 
| 123|0x0000000087b00000, 0x0000000087b00000, 0x0000000087c00000|  0%| F|  |TAMS 0x0000000087b00000, 0x0000000087b00000| Untracked 
| 124|0x0000000087c00000, 0x0000000087c00000, 0x0000000087d00000|  0%| F|  |TAMS 0x0000000087c00000, 0x0000000087c00000| Untracked 
| 125|0x0000000087d00000, 0x0000000087d00000, 0x0000000087e00000|  0%| F|  |TAMS 0x0000000087d00000, 0x0000000087d00000| Untracked 
| 126|0x0000000087e00000, 0x0000000087e00000, 0x0000000087f00000|  0%| F|  |TAMS 0x0000000087e00000, 0x0000000087e00000| Untracked 
| 127|0x0000000087f00000, 0x0000000087f00000, 0x0000000088000000|  0%| F|  |TAMS 0x0000000087f00000, 0x0000000087f00000| Untracked 
| 128|0x0000000088000000, 0x0000000088000000, 0x0000000088100000|  0%| F|  |TAMS 0x0000000088000000, 0x0000000088000000| Untracked 
| 129|0x0000000088100000, 0x0000000088100000, 0x0000000088200000|  0%| F|  |TAMS 0x0000000088100000, 0x0000000088100000| Untracked 
| 130|0x0000000088200000, 0x0000000088200000, 0x0000000088300000|  0%| F|  |TAMS 0x0000000088200000, 0x0000000088200000| Untracked 
| 131|0x0000000088300000, 0x0000000088300000, 0x0000000088400000|  0%| F|  |TAMS 0x0000000088300000, 0x0000000088300000| Untracked 
| 132|0x0000000088400000, 0x0000000088400000, 0x0000000088500000|  0%| F|  |TAMS 0x0000000088400000, 0x0000000088400000| Untracked 
| 133|0x0000000088500000, 0x0000000088500000, 0x0000000088600000|  0%| F|  |TAMS 0x0000000088500000, 0x0000000088500000| Untracked 
| 134|0x0000000088600000, 0x0000000088600000, 0x0000000088700000|  0%| F|  |TAMS 0x0000000088600000, 0x0000000088600000| Untracked 
| 135|0x0000000088700000, 0x0000000088700000, 0x0000000088800000|  0%| F|  |TAMS 0x0000000088700000, 0x0000000088700000| Untracked 
| 136|0x0000000088800000, 0x0000000088800000, 0x0000000088900000|  0%| F|  |TAMS 0x0000000088800000, 0x0000000088800000| Untracked 
| 137|0x0000000088900000, 0x0000000088900000, 0x0000000088a00000|  0%| F|  |TAMS 0x0000000088900000, 0x0000000088900000| Untracked 
| 138|0x0000000088a00000, 0x0000000088a00000, 0x0000000088b00000|  0%| F|  |TAMS 0x0000000088a00000, 0x0000000088a00000| Untracked 
| 139|0x0000000088b00000, 0x0000000088b00000, 0x0000000088c00000|  0%| F|  |TAMS 0x0000000088b00000, 0x0000000088b00000| Untracked 
| 140|0x0000000088c00000, 0x0000000088c00000, 0x0000000088d00000|  0%| F|  |TAMS 0x0000000088c00000, 0x0000000088c00000| Untracked 
| 141|0x0000000088d00000, 0x0000000088d00000, 0x0000000088e00000|  0%| F|  |TAMS 0x0000000088d00000, 0x0000000088d00000| Untracked 
| 142|0x0000000088e00000, 0x0000000088e00000, 0x0000000088f00000|  0%| F|  |TAMS 0x0000000088e00000, 0x0000000088e00000| Untracked 
| 143|0x0000000088f00000, 0x0000000088f00000, 0x0000000089000000|  0%| F|  |TAMS 0x0000000088f00000, 0x0000000088f00000| Untracked 
| 144|0x0000000089000000, 0x0000000089000000, 0x0000000089100000|  0%| F|  |TAMS 0x0000000089000000, 0x0000000089000000| Untracked 
| 145|0x0000000089100000, 0x0000000089100000, 0x0000000089200000|  0%| F|  |TAMS 0x0000000089100000, 0x0000000089100000| Untracked 
| 146|0x0000000089200000, 0x0000000089200000, 0x0000000089300000|  0%| F|  |TAMS 0x0000000089200000, 0x0000000089200000| Untracked 
| 147|0x0000000089300000, 0x0000000089300000, 0x0000000089400000|  0%| F|  |TAMS 0x0000000089300000, 0x0000000089300000| Untracked 
| 148|0x0000000089400000, 0x000000008940ae78, 0x0000000089500000|  4%| E|  |TAMS 0x0000000089400000, 0x0000000089400000| Complete 
| 149|0x0000000089500000, 0x0000000089600000, 0x0000000089600000|100%| E|CS|TAMS 0x0000000089500000, 0x0000000089500000| Complete 
| 150|0x0000000089600000, 0x0000000089700000, 0x0000000089700000|100%| E|CS|TAMS 0x0000000089600000, 0x0000000089600000| Complete 
| 151|0x0000000089700000, 0x0000000089800000, 0x0000000089800000|100%| E|CS|TAMS 0x0000000089700000, 0x0000000089700000| Complete 
| 152|0x0000000089800000, 0x0000000089900000, 0x0000000089900000|100%| E|CS|TAMS 0x0000000089800000, 0x0000000089800000| Complete 
| 153|0x0000000089900000, 0x0000000089a00000, 0x0000000089a00000|100%| E|CS|TAMS 0x0000000089900000, 0x0000000089900000| Complete 
| 154|0x0000000089a00000, 0x0000000089b00000, 0x0000000089b00000|100%| E|CS|TAMS 0x0000000089a00000, 0x0000000089a00000| Complete 
| 155|0x0000000089b00000, 0x0000000089c00000, 0x0000000089c00000|100%| E|CS|TAMS 0x0000000089b00000, 0x0000000089b00000| Complete 
| 156|0x0000000089c00000, 0x0000000089d00000, 0x0000000089d00000|100%| E|CS|TAMS 0x0000000089c00000, 0x0000000089c00000| Complete 
| 157|0x0000000089d00000, 0x0000000089e00000, 0x0000000089e00000|100%| E|CS|TAMS 0x0000000089d00000, 0x0000000089d00000| Complete 
| 158|0x0000000089e00000, 0x0000000089f00000, 0x0000000089f00000|100%| E|  |TAMS 0x0000000089e00000, 0x0000000089e00000| Complete 
| 159|0x0000000089f00000, 0x000000008a000000, 0x000000008a000000|100%| E|CS|TAMS 0x0000000089f00000, 0x0000000089f00000| Complete 
| 160|0x000000008a000000, 0x000000008a100000, 0x000000008a100000|100%| E|CS|TAMS 0x000000008a000000, 0x000000008a000000| Complete 
| 161|0x000000008a100000, 0x000000008a200000, 0x000000008a200000|100%| E|CS|TAMS 0x000000008a100000, 0x000000008a100000| Complete 
| 162|0x000000008a200000, 0x000000008a300000, 0x000000008a300000|100%| E|CS|TAMS 0x000000008a200000, 0x000000008a200000| Complete 
| 163|0x000000008a300000, 0x000000008a400000, 0x000000008a400000|100%| E|CS|TAMS 0x000000008a300000, 0x000000008a300000| Complete 
| 164|0x000000008a400000, 0x000000008a500000, 0x000000008a500000|100%| E|CS|TAMS 0x000000008a400000, 0x000000008a400000| Complete 
| 165|0x000000008a500000, 0x000000008a600000, 0x000000008a600000|100%| E|CS|TAMS 0x000000008a500000, 0x000000008a500000| Complete 
| 166|0x000000008a600000, 0x000000008a700000, 0x000000008a700000|100%| E|CS|TAMS 0x000000008a600000, 0x000000008a600000| Complete 
| 167|0x000000008a700000, 0x000000008a800000, 0x000000008a800000|100%| E|CS|TAMS 0x000000008a700000, 0x000000008a700000| Complete 
| 168|0x000000008a800000, 0x000000008a900000, 0x000000008a900000|100%| E|CS|TAMS 0x000000008a800000, 0x000000008a800000| Complete 
| 169|0x000000008a900000, 0x000000008aa00000, 0x000000008aa00000|100%| E|CS|TAMS 0x000000008a900000, 0x000000008a900000| Complete 
| 170|0x000000008aa00000, 0x000000008ab00000, 0x000000008ab00000|100%| E|CS|TAMS 0x000000008aa00000, 0x000000008aa00000| Complete 
| 171|0x000000008ab00000, 0x000000008ac00000, 0x000000008ac00000|100%| E|CS|TAMS 0x000000008ab00000, 0x000000008ab00000| Complete 
| 172|0x000000008ac00000, 0x000000008ad00000, 0x000000008ad00000|100%| E|CS|TAMS 0x000000008ac00000, 0x000000008ac00000| Complete 
| 173|0x000000008ad00000, 0x000000008ae00000, 0x000000008ae00000|100%| E|CS|TAMS 0x000000008ad00000, 0x000000008ad00000| Complete 
| 174|0x000000008ae00000, 0x000000008af00000, 0x000000008af00000|100%| E|CS|TAMS 0x000000008ae00000, 0x000000008ae00000| Complete 
| 175|0x000000008af00000, 0x000000008b000000, 0x000000008b000000|100%| E|CS|TAMS 0x000000008af00000, 0x000000008af00000| Complete 
| 176|0x000000008b000000, 0x000000008b100000, 0x000000008b100000|100%| E|CS|TAMS 0x000000008b000000, 0x000000008b000000| Complete 
| 177|0x000000008b100000, 0x000000008b11dce0, 0x000000008b200000| 11%| S|CS|TAMS 0x000000008b100000, 0x000000008b100000| Complete 
| 178|0x000000008b200000, 0x000000008b300000, 0x000000008b300000|100%| S|CS|TAMS 0x000000008b200000, 0x000000008b200000| Complete 
| 179|0x000000008b300000, 0x000000008b400000, 0x000000008b400000|100%| E|CS|TAMS 0x000000008b300000, 0x000000008b300000| Complete 
| 180|0x000000008b400000, 0x000000008b500000, 0x000000008b500000|100%| E|CS|TAMS 0x000000008b400000, 0x000000008b400000| Complete 
| 181|0x000000008b500000, 0x000000008b600000, 0x000000008b600000|100%| E|CS|TAMS 0x000000008b500000, 0x000000008b500000| Complete 
| 182|0x000000008b600000, 0x000000008b700000, 0x000000008b700000|100%| E|CS|TAMS 0x000000008b600000, 0x000000008b600000| Complete 
| 183|0x000000008b700000, 0x000000008b800000, 0x000000008b800000|100%| E|CS|TAMS 0x000000008b700000, 0x000000008b700000| Complete 
| 184|0x000000008b800000, 0x000000008b900000, 0x000000008b900000|100%| E|CS|TAMS 0x000000008b800000, 0x000000008b800000| Complete 

Card table byte_map: [0x00000168af0a0000,0x00000168af4a0000] _byte_map_base: 0x00000168aeca0000

Marking Bits (Prev, Next): (CMBitMap*) 0x000001689bbbef20, (CMBitMap*) 0x000001689bbbeee8
 Prev Bits: [0x00000168b18a0000, 0x00000168b38a0000)
 Next Bits: [0x00000168af8a0000, 0x00000168b18a0000)

Polling page: 0x000001689a270000

Metaspace:

Usage:
  Non-class:     92.22 MB capacity,    90.54 MB ( 98%) used,     1.35 MB (  1%) free+waste,   348.19 KB ( <1%) overhead. 
      Class:     14.48 MB capacity,    13.41 MB ( 93%) used,   934.80 KB (  6%) free+waste,   157.63 KB (  1%) overhead. 
       Both:    106.70 MB capacity,   103.95 MB ( 97%) used,     2.26 MB (  2%) free+waste,   505.81 KB ( <1%) overhead. 

Virtual space:
  Non-class space:       94.00 MB reserved,      92.25 MB ( 98%) committed 
      Class space:        1.00 GB reserved,      14.53 MB (  1%) committed 
             Both:        1.09 GB reserved,     106.78 MB ( 10%) committed 

Chunk freelists:
   Non-Class:  27.00 KB
       Class:  22.00 KB
        Both:  49.00 KB

MaxMetaspaceSize: 17179869184.00 GB
CompressedClassSpaceSize: 1.00 GB

CodeHeap 'non-profiled nmethods': size=120064Kb used=8754Kb max_used=8754Kb free=111309Kb
 bounds [0x00000168a7130000, 0x00000168a79c0000, 0x00000168ae670000]
CodeHeap 'profiled nmethods': size=120000Kb used=33792Kb max_used=33792Kb free=86207Kb
 bounds [0x000001689fc00000, 0x00000168a1d10000, 0x00000168a7130000]
CodeHeap 'non-nmethods': size=5696Kb used=2315Kb max_used=2359Kb free=3380Kb
 bounds [0x000001689f670000, 0x000001689f8e0000, 0x000001689fc00000]
 total_blobs=15956 nmethods=15030 adapters=836
 compilation: enabled
              stopped_count=0, restarted_count=0
 full_count=0

Compilation events (20 events):
Event: 45.207 Thread 0x00000168b5f27800 15162       3       java.nio.HeapByteBuffer::putChar (27 bytes)
Event: 45.207 Thread 0x00000168b5f00800 nmethod 15150 0x00000168a79b8810 code [0x00000168a79b89a0, 0x00000168a79b8b98]
Event: 45.208 Thread 0x00000168b5f27800 nmethod 15162 0x00000168a1cf7b90 code [0x00000168a1cf7d80, 0x00000168a1cf8248]
Event: 45.208 Thread 0x00000168b5f27800 15163       3       jdk.internal.misc.Unsafe::putCharUnaligned (14 bytes)
Event: 45.208 Thread 0x00000168b5f27800 nmethod 15163 0x00000168a1cf8490 code [0x00000168a1cf8640, 0x00000168a1cf8878]
Event: 45.208 Thread 0x00000168b5f27800 15164       3       jdk.internal.misc.Unsafe::putCharUnaligned (10 bytes)
Event: 45.208 Thread 0x00000168b5f27800 nmethod 15164 0x00000168a1cf8990 code [0x00000168a1cf8b40, 0x00000168a1cf8c38]
Event: 45.208 Thread 0x00000168b5f27800 15165       3       org.gradle.execution.plan.ValuedVfsHierarchy$1::handleAsDescendantOfChild (10 bytes)
Event: 45.208 Thread 0x00000168b5f27800 nmethod 15165 0x00000168a1cf8d10 code [0x00000168a1cf8ee0, 0x00000168a1cf9188]
Event: 45.209 Thread 0x00000168b5f27800 15166       3       org.gradle.execution.plan.ValuedVfsHierarchy$1::handleAsDescendantOfChild (12 bytes)
Event: 45.209 Thread 0x00000168b5f27800 nmethod 15166 0x00000168a1cf9290 code [0x00000168a1cf9440, 0x00000168a1cf9588]
Event: 45.210 Thread 0x00000168b5f00800 15167       4       org.gradle.internal.file.DefaultFileHierarchySet$PrefixFileSet::contains (10 bytes)
Event: 45.213 Thread 0x00000168b5f27800 15168       3       org.gradle.internal.snapshot.VfsRelativePath::lengthOfCommonPrefix (173 bytes)
Event: 45.217 Thread 0x00000168b5f27800 nmethod 15168 0x00000168a1cf9690 code [0x00000168a1cf9ac0, 0x00000168a1cfbc88]
Event: 45.221 Thread 0x00000168b5f27800 15169 %     3       org.gradle.internal.snapshot.VfsRelativePath::lengthOfCommonPrefix @ 26 (173 bytes)
Event: 45.225 Thread 0x00000168b5f27800 nmethod 15169% 0x00000168a1cfc910 code [0x00000168a1cfcd60, 0x00000168a1cff088]
Event: 45.249 Thread 0x00000168b5f00800 nmethod 15167 0x00000168a79b8c90 code [0x00000168a79b8ea0, 0x00000168a79b9608]
Event: 45.264 Thread 0x00000168b5f00800 15170 %     4       com.google.common.collect.MapMakerInternalMap$Segment::expand @ 128 (276 bytes)
Event: 45.304 Thread 0x00000168b5f00800 nmethod 15170% 0x00000168a79ba090 code [0x00000168a79ba2c0, 0x00000168a79bb348]
Event: 45.304 Thread 0x00000168b5f00800 15171       4       sun.reflect.generics.parser.SignatureParser::parseClassTypeSignatureSuffix (29 bytes)

GC Heap History (20 events):
Event: 28.205 GC heap before
{Heap before GC invocations=19 (full 0):
 garbage-first heap   total 157696K, used 118558K [0x0000000080000000, 0x0000000100000000)
  region size 1024K, 68 young (69632K), 7 survivors (7168K)
 Metaspace       used 80568K, capacity 82491K, committed 82848K, reserved 1120256K
  class space    used 10377K, capacity 11055K, committed 11168K, reserved 1048576K
}
Event: 28.229 GC heap after
{Heap after GC invocations=20 (full 0):
 garbage-first heap   total 157696K, used 63135K [0x0000000080000000, 0x0000000100000000)
  region size 1024K, 9 young (9216K), 9 survivors (9216K)
 Metaspace       used 80568K, capacity 82491K, committed 82848K, reserved 1120256K
  class space    used 10377K, capacity 11055K, committed 11168K, reserved 1048576K
}
Event: 30.274 GC heap before
{Heap before GC invocations=20 (full 0):
 garbage-first heap   total 157696K, used 121503K [0x0000000080000000, 0x0000000100000000)
  region size 1024K, 67 young (68608K), 9 survivors (9216K)
 Metaspace       used 81969K, capacity 84071K, committed 84256K, reserved 1122304K
  class space    used 10544K, capacity 11289K, committed 11296K, reserved 1048576K
}
Event: 30.300 GC heap after
{Heap after GC invocations=21 (full 0):
 garbage-first heap   total 157696K, used 68309K [0x0000000080000000, 0x0000000100000000)
  region size 1024K, 5 young (5120K), 5 survivors (5120K)
 Metaspace       used 81969K, capacity 84071K, committed 84256K, reserved 1122304K
  class space    used 10544K, capacity 11289K, committed 11296K, reserved 1048576K
}
Event: 31.455 GC heap before
{Heap before GC invocations=21 (full 0):
 garbage-first heap   total 157696K, used 124629K [0x0000000080000000, 0x0000000100000000)
  region size 1024K, 61 young (62464K), 5 survivors (5120K)
 Metaspace       used 82637K, capacity 84645K, committed 84896K, reserved 1122304K
  class space    used 10606K, capacity 11375K, committed 11424K, reserved 1048576K
}
Event: 31.471 GC heap after
{Heap after GC invocations=22 (full 0):
 garbage-first heap   total 157696K, used 72054K [0x0000000080000000, 0x0000000100000000)
  region size 1024K, 4 young (4096K), 4 survivors (4096K)
 Metaspace       used 82637K, capacity 84645K, committed 84896K, reserved 1122304K
  class space    used 10606K, capacity 11375K, committed 11424K, reserved 1048576K
}
Event: 32.951 GC heap before
{Heap before GC invocations=22 (full 0):
 garbage-first heap   total 157696K, used 126326K [0x0000000080000000, 0x0000000100000000)
  region size 1024K, 58 young (59392K), 4 survivors (4096K)
 Metaspace       used 87630K, capacity 89809K, committed 90016K, reserved 1126400K
  class space    used 11288K, capacity 12085K, committed 12192K, reserved 1048576K
}
Event: 32.968 GC heap after
{Heap after GC invocations=23 (full 0):
 garbage-first heap   total 157696K, used 77268K [0x0000000080000000, 0x0000000100000000)
  region size 1024K, 8 young (8192K), 8 survivors (8192K)
 Metaspace       used 87630K, capacity 89809K, committed 90016K, reserved 1126400K
  class space    used 11288K, capacity 12085K, committed 12192K, reserved 1048576K
}
Event: 35.233 GC heap before
{Heap before GC invocations=23 (full 0):
 garbage-first heap   total 157696K, used 129492K [0x0000000080000000, 0x0000000100000000)
  region size 1024K, 57 young (58368K), 8 survivors (8192K)
 Metaspace       used 91826K, capacity 94130K, committed 94368K, reserved 1130496K
  class space    used 11743K, capacity 12585K, committed 12704K, reserved 1048576K
}
Event: 35.265 GC heap after
{Heap after GC invocations=24 (full 0):
 garbage-first heap   total 157696K, used 89602K [0x0000000080000000, 0x0000000100000000)
  region size 1024K, 8 young (8192K), 8 survivors (8192K)
 Metaspace       used 91826K, capacity 94130K, committed 94368K, reserved 1130496K
  class space    used 11743K, capacity 12585K, committed 12704K, reserved 1048576K
}
Event: 36.440 GC heap before
{Heap before GC invocations=24 (full 0):
 garbage-first heap   total 157696K, used 125442K [0x0000000080000000, 0x0000000100000000)
  region size 1024K, 44 young (45056K), 8 survivors (8192K)
 Metaspace       used 92744K, capacity 95124K, committed 95392K, reserved 1132544K
  class space    used 11799K, capacity 12645K, committed 12704K, reserved 1048576K
}
Event: 36.459 GC heap after
{Heap after GC invocations=25 (full 0):
 garbage-first heap   total 189440K, used 89857K [0x0000000080000000, 0x0000000100000000)
  region size 1024K, 3 young (3072K), 3 survivors (3072K)
 Metaspace       used 92744K, capacity 95124K, committed 95392K, reserved 1132544K
  class space    used 11799K, capacity 12645K, committed 12704K, reserved 1048576K
}
Event: 38.391 GC heap before
{Heap before GC invocations=26 (full 0):
 garbage-first heap   total 189440K, used 139009K [0x0000000080000000, 0x0000000100000000)
  region size 1024K, 52 young (53248K), 3 survivors (3072K)
 Metaspace       used 96085K, capacity 98421K, committed 98720K, reserved 1134592K
  class space    used 12251K, capacity 13118K, committed 13216K, reserved 1048576K
}
Event: 38.406 GC heap after
{Heap after GC invocations=27 (full 0):
 garbage-first heap   total 189440K, used 91594K [0x0000000080000000, 0x0000000100000000)
  region size 1024K, 5 young (5120K), 5 survivors (5120K)
 Metaspace       used 96085K, capacity 98421K, committed 98720K, reserved 1134592K
  class space    used 12251K, capacity 13118K, committed 13216K, reserved 1048576K
}
Event: 40.024 GC heap before
{Heap before GC invocations=27 (full 0):
 garbage-first heap   total 189440K, used 141770K [0x0000000080000000, 0x0000000100000000)
  region size 1024K, 55 young (56320K), 5 survivors (5120K)
 Metaspace       used 102712K, capacity 105410K, committed 105504K, reserved 1140736K
  class space    used 13263K, capacity 14311K, committed 14368K, reserved 1048576K
}
Event: 40.042 GC heap after
{Heap after GC invocations=28 (full 0):
 garbage-first heap   total 189440K, used 93299K [0x0000000080000000, 0x0000000100000000)
  region size 1024K, 5 young (5120K), 5 survivors (5120K)
 Metaspace       used 102712K, capacity 105410K, committed 105504K, reserved 1140736K
  class space    used 13263K, capacity 14311K, committed 14368K, reserved 1048576K
}
Event: 42.243 GC heap before
{Heap before GC invocations=29 (full 0):
 garbage-first heap   total 189440K, used 145523K [0x0000000080000000, 0x0000000100000000)
  region size 1024K, 56 young (57344K), 5 survivors (5120K)
 Metaspace       used 104554K, capacity 107381K, committed 107552K, reserved 1142784K
  class space    used 13488K, capacity 14580K, committed 14624K, reserved 1048576K
}
Event: 42.258 GC heap after
{Heap after GC invocations=30 (full 0):
 garbage-first heap   total 189440K, used 94007K [0x0000000080000000, 0x0000000100000000)
  region size 1024K, 3 young (3072K), 3 survivors (3072K)
 Metaspace       used 104554K, capacity 107381K, committed 107552K, reserved 1142784K
  class space    used 13488K, capacity 14580K, committed 14624K, reserved 1048576K
}
Event: 42.752 GC heap before
{Heap before GC invocations=30 (full 0):
 garbage-first heap   total 189440K, used 99127K [0x0000000080000000, 0x0000000100000000)
  region size 1024K, 9 young (9216K), 3 survivors (3072K)
 Metaspace       used 104738K, capacity 107501K, committed 107552K, reserved 1142784K
  class space    used 13504K, capacity 14597K, committed 14624K, reserved 1048576K
}
Event: 42.764 GC heap after
{Heap after GC invocations=31 (full 0):
 garbage-first heap   total 189440K, used 91100K [0x0000000080000000, 0x0000000100000000)
  region size 1024K, 2 young (2048K), 2 survivors (2048K)
 Metaspace       used 104738K, capacity 107501K, committed 107552K, reserved 1142784K
  class space    used 13504K, capacity 14597K, committed 14624K, reserved 1048576K
}

Deoptimization events (20 events):
Event: 45.212 Thread 0x00000168ba860000 Uncommon trap: trap_request=0xffffff4d fr.pc=0x00000168a77eb240 relative=0x00000000000009a0
Event: 45.212 Thread 0x00000168ba860000 Uncommon trap: reason=unstable_if action=reinterpret pc=0x00000168a77eb240 method=org.gradle.internal.snapshot.VfsRelativePath.lengthOfCommonPrefix(Ljava/lang/String;Lorg/gradle/internal/snapshot/CaseSensitivity;)I @ 117 c2
Event: 45.212 Thread 0x00000168ba860000 DEOPT PACKING pc=0x00000168a77eb240 sp=0x0000000cb54fb790
Event: 45.212 Thread 0x00000168ba860000 DEOPT UNPACKING pc=0x000001689f6978af sp=0x0000000cb54fb718 mode 2
Event: 45.212 Thread 0x00000168ba860000 Uncommon trap: trap_request=0xffffff4d fr.pc=0x00000168a77f39a4 relative=0x0000000000002ca4
Event: 45.212 Thread 0x00000168ba860000 Uncommon trap: reason=unstable_if action=reinterpret pc=0x00000168a77f39a4 method=org.gradle.internal.snapshot.ChildMap$Entry.handlePath(Lorg/gradle/internal/snapshot/VfsRelativePath;Lorg/gradle/internal/snapshot/CaseSensitivity;Lorg/gradle/internal/snaps
Event: 45.212 Thread 0x00000168ba860000 DEOPT PACKING pc=0x00000168a77f39a4 sp=0x0000000cb54fb7f0
Event: 45.212 Thread 0x00000168ba860000 DEOPT UNPACKING pc=0x000001689f6978af sp=0x0000000cb54fb740 mode 2
Event: 45.218 Thread 0x00000168ba860000 Uncommon trap: trap_request=0xffffffc6 fr.pc=0x00000168a77c9ae8 relative=0x0000000000000068
Event: 45.218 Thread 0x00000168ba860000 Uncommon trap: reason=bimorphic_or_optimized_type_check action=maybe_recompile pc=0x00000168a77c9ae8 method=org.gradle.internal.fingerprint.classpath.impl.ClasspathFingerprintingStrategy$ClasspathFingerprintingVisitor.visitEntry(Lorg/gradle/internal/snaps
Event: 45.218 Thread 0x00000168ba860000 DEOPT PACKING pc=0x00000168a77c9ae8 sp=0x0000000cb54fc690
Event: 45.218 Thread 0x00000168ba860000 DEOPT UNPACKING pc=0x000001689f6978af sp=0x0000000cb54fc670 mode 2
Event: 45.252 Thread 0x00000168ba860000 Uncommon trap: trap_request=0xffffffc6 fr.pc=0x00000168a79712b4 relative=0x00000000000000f4
Event: 45.252 Thread 0x00000168ba860000 Uncommon trap: reason=bimorphic_or_optimized_type_check action=maybe_recompile pc=0x00000168a79712b4 method=org.gradle.internal.snapshot.SingletonChildMap.visitChildren(Ljava/util/function/BiConsumer;)V @ 15 c2
Event: 45.252 Thread 0x00000168ba860000 DEOPT PACKING pc=0x00000168a79712b4 sp=0x0000000cb54f9d30
Event: 45.252 Thread 0x00000168ba860000 DEOPT UNPACKING pc=0x000001689f6978af sp=0x0000000cb54f9cc0 mode 2
Event: 45.264 Thread 0x00000168ba860000 Uncommon trap: trap_request=0xffffffbe fr.pc=0x00000168a798115c relative=0x000000000000165c
Event: 45.264 Thread 0x00000168ba860000 Uncommon trap: reason=profile_predicate action=maybe_recompile pc=0x00000168a798115c method=com.google.common.collect.MapMakerInternalMap$Segment.expand()V @ 56 c2
Event: 45.264 Thread 0x00000168ba860000 DEOPT PACKING pc=0x00000168a798115c sp=0x0000000cb54f6a90
Event: 45.264 Thread 0x00000168ba860000 DEOPT UNPACKING pc=0x000001689f6978af sp=0x0000000cb54f6a58 mode 2

Classes redefined (0 events):
No events

Internal exceptions (20 events):
Event: 42.876 Thread 0x00000168ba862800 Exception <a 'sun/nio/fs/WindowsException'{0x000000008b8e2db8}> (0x000000008b8e2db8) thrown at [./src/hotspot/share/prims/jni.cpp, line 615]
Event: 42.906 Thread 0x00000168ba86b800 Exception <a 'sun/nio/fs/WindowsException'{0x000000008b8a4aa0}> (0x000000008b8a4aa0) thrown at [./src/hotspot/share/prims/jni.cpp, line 615]
Event: 42.929 Thread 0x00000168ba862800 Exception <a 'sun/nio/fs/WindowsException'{0x000000008b8ea860}> (0x000000008b8ea860) thrown at [./src/hotspot/share/prims/jni.cpp, line 615]
Event: 42.944 Thread 0x00000168ba862800 Exception <a 'sun/nio/fs/WindowsException'{0x000000008b8f2280}> (0x000000008b8f2280) thrown at [./src/hotspot/share/prims/jni.cpp, line 615]
Event: 42.944 Thread 0x00000168ba86b800 Exception <a 'sun/nio/fs/WindowsException'{0x000000008b8ac590}> (0x000000008b8ac590) thrown at [./src/hotspot/share/prims/jni.cpp, line 615]
Event: 42.956 Thread 0x00000168ba862800 Exception <a 'sun/nio/fs/WindowsException'{0x000000008b8f9d28}> (0x000000008b8f9d28) thrown at [./src/hotspot/share/prims/jni.cpp, line 615]
Event: 42.971 Thread 0x00000168ba86b800 Exception <a 'sun/nio/fs/WindowsException'{0x000000008b8b4188}> (0x000000008b8b4188) thrown at [./src/hotspot/share/prims/jni.cpp, line 615]
Event: 42.982 Thread 0x00000168ba86b800 Exception <a 'sun/nio/fs/WindowsException'{0x000000008b8bc190}> (0x000000008b8bc190) thrown at [./src/hotspot/share/prims/jni.cpp, line 615]
Event: 42.985 Thread 0x00000168ba862800 Exception <a 'sun/nio/fs/WindowsException'{0x000000008b3819c0}> (0x000000008b3819c0) thrown at [./src/hotspot/share/prims/jni.cpp, line 615]
Event: 42.990 Thread 0x00000168ba862800 Exception <a 'sun/nio/fs/WindowsException'{0x000000008b3c9ea0}> (0x000000008b3c9ea0) thrown at [./src/hotspot/share/prims/jni.cpp, line 615]
Event: 42.993 Thread 0x00000168ba862800 Exception <a 'sun/nio/fs/WindowsException'{0x000000008b3d58d8}> (0x000000008b3d58d8) thrown at [./src/hotspot/share/prims/jni.cpp, line 615]
Event: 42.996 Thread 0x00000168ba862800 Exception <a 'sun/nio/fs/WindowsException'{0x000000008b3e0a18}> (0x000000008b3e0a18) thrown at [./src/hotspot/share/prims/jni.cpp, line 615]
Event: 43.004 Thread 0x00000168ba862800 Exception <a 'sun/nio/fs/WindowsException'{0x000000008b3ec370}> (0x000000008b3ec370) thrown at [./src/hotspot/share/prims/jni.cpp, line 615]
Event: 43.019 Thread 0x00000168ba86b800 Exception <a 'sun/nio/fs/WindowsException'{0x000000008b4c7790}> (0x000000008b4c7790) thrown at [./src/hotspot/share/prims/jni.cpp, line 615]
Event: 43.052 Thread 0x00000168ba86b800 Exception <a 'sun/nio/fs/WindowsException'{0x000000008b4cf280}> (0x000000008b4cf280) thrown at [./src/hotspot/share/prims/jni.cpp, line 615]
Event: 43.060 Thread 0x00000168ba862800 Exception <a 'sun/nio/fs/WindowsException'{0x000000008b3f3d88}> (0x000000008b3f3d88) thrown at [./src/hotspot/share/prims/jni.cpp, line 615]
Event: 43.075 Thread 0x00000168ba86b800 Exception <a 'sun/nio/fs/WindowsException'{0x000000008b4d6d70}> (0x000000008b4d6d70) thrown at [./src/hotspot/share/prims/jni.cpp, line 615]
Event: 43.241 Thread 0x00000168ba861800 Exception <a 'java/lang/NoSuchMethodError'{0x000000008ac72768}: <clinit>> (0x000000008ac72768) thrown at [./src/hotspot/share/prims/jni.cpp, line 1362]
Event: 44.150 Thread 0x00000168ba86a000 Exception <a 'sun/nio/fs/WindowsException'{0x000000008a0ebbb8}> (0x000000008a0ebbb8) thrown at [./src/hotspot/share/prims/jni.cpp, line 615]
Event: 45.115 Thread 0x00000168ba86a000 Exception <a 'sun/nio/fs/WindowsException'{0x0000000089899308}> (0x0000000089899308) thrown at [./src/hotspot/share/prims/jni.cpp, line 615]

Events (20 events):
Event: 45.298 loading class kotlin/reflect/jvm/internal/KClassImpl$Data$qualifiedName$2
Event: 45.298 loading class kotlin/reflect/jvm/internal/KClassImpl$Data$qualifiedName$2 done
Event: 45.298 loading class kotlin/reflect/jvm/internal/KClassImpl$Data$constructors$2
Event: 45.298 loading class kotlin/reflect/jvm/internal/KClassImpl$Data$constructors$2 done
Event: 45.299 loading class kotlin/reflect/jvm/internal/KClassImpl$Data$nestedClasses$2
Event: 45.299 loading class kotlin/reflect/jvm/internal/KClassImpl$Data$nestedClasses$2 done
Event: 45.300 loading class kotlin/reflect/jvm/internal/KClassImpl$Data$objectInstance$2
Event: 45.300 loading class kotlin/reflect/jvm/internal/KClassImpl$Data$objectInstance$2 done
Event: 45.301 loading class kotlin/reflect/jvm/internal/KClassImpl$Data$typeParameters$2
Event: 45.301 loading class kotlin/reflect/jvm/internal/KClassImpl$Data$typeParameters$2 done
Event: 45.302 loading class kotlin/reflect/jvm/internal/KClassImpl$Data$supertypes$2
Event: 45.302 loading class kotlin/reflect/jvm/internal/KClassImpl$Data$supertypes$2 done
Event: 45.304 loading class kotlin/reflect/jvm/internal/KClassImpl$Data$sealedSubclasses$2
Event: 45.304 loading class kotlin/reflect/jvm/internal/KClassImpl$Data$sealedSubclasses$2 done
Event: 45.310 loading class kotlin/reflect/jvm/internal/KClassImpl$Data$declaredNonStaticMembers$2
Event: 45.310 loading class kotlin/reflect/jvm/internal/KClassImpl$Data$declaredNonStaticMembers$2 done
Event: 45.311 loading class kotlin/reflect/jvm/internal/KClassImpl$Data$declaredStaticMembers$2
Event: 45.311 loading class kotlin/reflect/jvm/internal/KClassImpl$Data$declaredStaticMembers$2 done
Event: 45.312 loading class kotlin/reflect/jvm/internal/KClassImpl$Data$inheritedNonStaticMembers$2
Event: 45.312 loading class kotlin/reflect/jvm/internal/KClassImpl$Data$inheritedNonStaticMembers$2 done


Dynamic libraries:
0x00007ff6fc020000 - 0x00007ff6fc02a000 	C:\Program Files\Android\Android Studio2\jre\bin\java.exe
0x00007ff8ed690000 - 0x00007ff8ed885000 	C:\WINDOWS\SYSTEM32\ntdll.dll
0x00007ff8ed2a0000 - 0x00007ff8ed35e000 	C:\WINDOWS\System32\KERNEL32.DLL
0x00007ff8eaf00000 - 0x00007ff8eb1c8000 	C:\WINDOWS\System32\KERNELBASE.dll
0x00007ff8eb4f0000 - 0x00007ff8eb5f0000 	C:\WINDOWS\System32\ucrtbase.dll
0x00007ff8cc200000 - 0x00007ff8cc219000 	C:\Program Files\Android\Android Studio2\jre\bin\jli.dll
0x00007ff8ec830000 - 0x00007ff8ec9d1000 	C:\WINDOWS\System32\USER32.dll
0x00007ff8eb4c0000 - 0x00007ff8eb4e2000 	C:\WINDOWS\System32\win32u.dll
0x00007ff8ed620000 - 0x00007ff8ed64b000 	C:\WINDOWS\System32\GDI32.dll
0x00007ff8c8e40000 - 0x00007ff8c8e57000 	C:\Program Files\Android\Android Studio2\jre\bin\VCRUNTIME140.dll
0x00007ff8eb320000 - 0x00007ff8eb42d000 	C:\WINDOWS\System32\gdi32full.dll
0x00007ff8eb1d0000 - 0x00007ff8eb26d000 	C:\WINDOWS\System32\msvcp_win.dll
0x00007ff8dcee0000 - 0x00007ff8dd17a000 	C:\WINDOWS\WinSxS\amd64_microsoft.windows.common-controls_6595b64144ccf1df_6.0.19041.1110_none_60b5254171f9507e\COMCTL32.dll
0x00007ff8ec9e0000 - 0x00007ff8eca7e000 	C:\WINDOWS\System32\msvcrt.dll
0x00007ff8ec010000 - 0x00007ff8ec040000 	C:\WINDOWS\System32\IMM32.DLL
0x00007ff8c1f10000 - 0x00007ff8c1fad000 	C:\Program Files\Android\Android Studio2\jre\bin\msvcp140.dll
0x00007ff87f4f0000 - 0x00007ff87ffbf000 	C:\Program Files\Android\Android Studio2\jre\bin\server\jvm.dll
0x00007ff8ed130000 - 0x00007ff8ed1dc000 	C:\WINDOWS\System32\ADVAPI32.dll
0x00007ff8ec4c0000 - 0x00007ff8ec55b000 	C:\WINDOWS\System32\sechost.dll
0x00007ff8ed360000 - 0x00007ff8ed48a000 	C:\WINDOWS\System32\RPCRT4.dll
0x00007ff8ebe20000 - 0x00007ff8ebe28000 	C:\WINDOWS\System32\PSAPI.DLL
0x00007ff8ddcc0000 - 0x00007ff8ddce7000 	C:\WINDOWS\SYSTEM32\WINMM.dll
0x00007ff8e67e0000 - 0x00007ff8e67e9000 	C:\WINDOWS\SYSTEM32\WSOCK32.dll
0x00007ff8df830000 - 0x00007ff8df83a000 	C:\WINDOWS\SYSTEM32\VERSION.dll
0x00007ff8ec690000 - 0x00007ff8ec6fb000 	C:\WINDOWS\System32\WS2_32.dll
0x00007ff8e8c90000 - 0x00007ff8e8ca2000 	C:\WINDOWS\SYSTEM32\kernel.appcore.dll
0x00007ff8e5970000 - 0x00007ff8e5981000 	C:\Program Files\Android\Android Studio2\jre\bin\verify.dll
0x00007ff8e1ee0000 - 0x00007ff8e20c4000 	C:\WINDOWS\SYSTEM32\DBGHELP.DLL
0x00007ff8d6410000 - 0x00007ff8d643c000 	C:\WINDOWS\SYSTEM32\dbgcore.DLL
0x00007ff8eb430000 - 0x00007ff8eb4b2000 	C:\WINDOWS\System32\bcryptPrimitives.dll
0x00007ff8cee90000 - 0x00007ff8ceeb9000 	C:\Program Files\Android\Android Studio2\jre\bin\java.dll
0x00007ff8e5960000 - 0x00007ff8e596b000 	C:\Program Files\Android\Android Studio2\jre\bin\jimage.dll
0x00007ff8cee70000 - 0x00007ff8cee88000 	C:\Program Files\Android\Android Studio2\jre\bin\zip.dll
0x00007ff8eb6d0000 - 0x00007ff8ebe14000 	C:\WINDOWS\System32\SHELL32.dll
0x00007ff8e8e90000 - 0x00007ff8e9624000 	C:\WINDOWS\SYSTEM32\windows.storage.dll
0x00007ff8eca80000 - 0x00007ff8ecdd5000 	C:\WINDOWS\System32\combase.dll
0x00007ff8ea7f0000 - 0x00007ff8ea81e000 	C:\WINDOWS\SYSTEM32\Wldp.dll
0x00007ff8ebf60000 - 0x00007ff8ec00d000 	C:\WINDOWS\System32\SHCORE.dll
0x00007ff8ed240000 - 0x00007ff8ed295000 	C:\WINDOWS\System32\shlwapi.dll
0x00007ff8eace0000 - 0x00007ff8eacff000 	C:\WINDOWS\SYSTEM32\profapi.dll
0x00007ff8cee50000 - 0x00007ff8cee6a000 	C:\Program Files\Android\Android Studio2\jre\bin\net.dll
0x00007ff8de180000 - 0x00007ff8de28c000 	C:\WINDOWS\SYSTEM32\WINHTTP.dll
0x00007ff8ea550000 - 0x00007ff8ea5ba000 	C:\WINDOWS\system32\mswsock.dll
0x00007ff8cee30000 - 0x00007ff8cee44000 	C:\Program Files\Android\Android Studio2\jre\bin\nio.dll
0x00007ff87c730000 - 0x00007ff87c757000 	C:\Users\Senya\.gradle\native\8bec1ad78214c89d9ad589b4d07fe93259594b29d510b10fafb7a158f7737e5d\windows-amd64\native-platform.dll
0x00007ff87c5f0000 - 0x00007ff87c72d000 	C:\Users\Senya\.gradle\native\53dbd7edfb1c66fb8903c78663c9afc45aea4f116125fa6feffd364cf09443e8\windows-amd64\native-platform-file-events.dll
0x00007ff8cd340000 - 0x00007ff8cd34a000 	C:\Program Files\Android\Android Studio2\jre\bin\management.dll
0x00007ff8cd330000 - 0x00007ff8cd33c000 	C:\Program Files\Android\Android Studio2\jre\bin\management_ext.dll
0x00007ff8ea750000 - 0x00007ff8ea768000 	C:\WINDOWS\SYSTEM32\CRYPTSP.dll
0x00007ff8e9e60000 - 0x00007ff8e9e94000 	C:\WINDOWS\system32\rsaenh.dll
0x00007ff8eb5f0000 - 0x00007ff8eb617000 	C:\WINDOWS\System32\bcrypt.dll
0x00007ff8eaca0000 - 0x00007ff8eacce000 	C:\WINDOWS\SYSTEM32\USERENV.dll
0x00007ff8ea740000 - 0x00007ff8ea74c000 	C:\WINDOWS\SYSTEM32\CRYPTBASE.dll
0x00007ff8ea1f0000 - 0x00007ff8ea22b000 	C:\WINDOWS\SYSTEM32\IPHLPAPI.DLL
0x00007ff8ec680000 - 0x00007ff8ec688000 	C:\WINDOWS\System32\NSI.dll
0x00007ff8e3ad0000 - 0x00007ff8e3ae7000 	C:\WINDOWS\SYSTEM32\dhcpcsvc6.DLL
0x00007ff8e1d30000 - 0x00007ff8e1d4d000 	C:\WINDOWS\SYSTEM32\dhcpcsvc.DLL
0x00007ff8ea240000 - 0x00007ff8ea30b000 	C:\WINDOWS\SYSTEM32\DNSAPI.dll

dbghelp: loaded successfully - version: 4.0.5 - missing functions: none
symbol engine: initialized successfully - sym options: 0x614 - pdb path: .;C:\Program Files\Android\Android Studio2\jre\bin;C:\WINDOWS\SYSTEM32;C:\WINDOWS\WinSxS\amd64_microsoft.windows.common-controls_6595b64144ccf1df_6.0.19041.1110_none_60b5254171f9507e;C:\Program Files\Android\Android Studio2\jre\bin\server;C:\Users\Senya\.gradle\native\8bec1ad78214c89d9ad589b4d07fe93259594b29d510b10fafb7a158f7737e5d\windows-amd64;C:\Users\Senya\.gradle\native\53dbd7edfb1c66fb8903c78663c9afc45aea4f116125fa6feffd364cf09443e8\windows-amd64

VM Arguments:
jvm_args: --add-opens=java.base/java.util=ALL-UNNAMED --add-opens=java.base/java.lang=ALL-UNNAMED --add-opens=java.base/java.lang.invoke=ALL-UNNAMED --add-opens=java.base/java.util=ALL-UNNAMED --add-opens=java.prefs/java.util.prefs=ALL-UNNAMED --add-opens=java.prefs/java.util.prefs=ALL-UNNAMED --add-opens=java.base/java.nio.charset=ALL-UNNAMED --add-opens=java.base/java.net=ALL-UNNAMED --add-opens=java.base/java.util.concurrent.atomic=ALL-UNNAMED -Xmx2048m -Dfile.encoding=UTF-8 -Duser.country=RU -Duser.language=ru -Duser.variant 
java_command: org.gradle.launcher.daemon.bootstrap.GradleDaemon 7.0.2
java_class_path (initial): C:\Users\Senya\.gradle\wrapper\dists\gradle-7.0.2-bin\857tjihv64xamwrf0h14cai3r\gradle-7.0.2\lib\gradle-launcher-7.0.2.jar
Launcher Type: SUN_STANDARD

[Global flags]
     intx CICompilerCount                          = 3                                         {product} {ergonomic}
     uint ConcGCThreads                            = 1                                         {product} {ergonomic}
     uint G1ConcRefinementThreads                  = 4                                         {product} {ergonomic}
   size_t G1HeapRegionSize                         = 1048576                                   {product} {ergonomic}
    uintx GCDrainStackTargetSize                   = 64                                        {product} {ergonomic}
   size_t InitialHeapSize                          = 134217728                                 {product} {ergonomic}
   size_t MarkStackSize                            = 4194304                                   {product} {ergonomic}
   size_t MaxHeapSize                              = 2147483648                                {product} {command line}
   size_t MaxNewSize                               = 1287651328                                {product} {ergonomic}
   size_t MinHeapDeltaBytes                        = 1048576                                   {product} {ergonomic}
    uintx NonNMethodCodeHeapSize                   = 5830732                                {pd product} {ergonomic}
    uintx NonProfiledCodeHeapSize                  = 122913754                              {pd product} {ergonomic}
    uintx ProfiledCodeHeapSize                     = 122913754                              {pd product} {ergonomic}
    uintx ReservedCodeCacheSize                    = 251658240                              {pd product} {ergonomic}
     bool SegmentedCodeCache                       = true                                      {product} {ergonomic}
     bool UseCompressedClassPointers               = true                                 {lp64_product} {ergonomic}
     bool UseCompressedOops                        = true                                 {lp64_product} {ergonomic}
     bool UseG1GC                                  = true                                      {product} {ergonomic}
     bool UseLargePagesIndividualAllocation        = false                                  {pd product} {ergonomic}

Logging:
Log output configuration:
 #0: stdout all=warning uptime,level,tags
 #1: stderr all=off uptime,level,tags

Environment Variables:
PATH=C:\ProgramData\Oracle\Java\javapath;C:\WINDOWS\system32;C:\WINDOWS;C:\WINDOWS\System32\Wbem;C:\WINDOWS\System32\WindowsPowerShell\v1.0\;C:\WINDOWS\System32\OpenSSH\;C:\Program Files\nodejs\;C:\ProgramData\chocolatey\bin;C:\Users\Senya\AppData\Local\Microsoft\WindowsApps;C:\Users\Senya\AppData\Local\Programs\Git\cmd
USERNAME=Senya
OS=Windows_NT
PROCESSOR_IDENTIFIER=Intel64 Family 6 Model 69 Stepping 1, GenuineIntel



---------------  S Y S T E M  ---------------

OS: Windows 10 , 64 bit Build 19041 (10.0.19041.1348)
OS uptime: 0 days 23:45 hours

CPU:total 4 (initial active 4) (2 cores per cpu, 2 threads per core) family 6 model 69 stepping 1 microcode 0x25, cmov, cx8, fxsr, mmx, sse, sse2, sse3, ssse3, sse4.1, sse4.2, popcnt, avx, avx2, aes, clmul, erms, lzcnt, ht, tsc, tscinvbit, bmi1, bmi2, fma

Memory: 4k page, system-wide physical 8072M (938M free)
TotalPageFile size 14900M (AvailPageFile size 5M)
current process WorkingSet (physical memory assigned to process): 483M, peak: 483M
current process commit charge ("private bytes"): 508M, peak: 509M

vm_info: OpenJDK 64-Bit Server VM (11.0.10+0-b96-7249189) for windows-amd64 JRE (11.0.10+0-b96-7249189), built on Mar 31 2021 21:44:00 by "builder" with MS VC++ 14.0 (VS2015)

END.
